[debug] [2019-09-29T13:20:09.471Z] ----------------------------------------------------------------------
[debug] [2019-09-29T13:20:09.474Z] Command:       /usr/local/bin/node /usr/local/bin/firebase deploy
[debug] [2019-09-29T13:20:09.474Z] CLI Version:   7.3.0
[debug] [2019-09-29T13:20:09.474Z] Platform:      darwin
[debug] [2019-09-29T13:20:09.474Z] Node Version:  v11.4.0
[debug] [2019-09-29T13:20:09.478Z] Time:          Sun Sep 29 2019 14:20:09 GMT+0100 (Irish Standard Time)
[debug] [2019-09-29T13:20:09.478Z] ----------------------------------------------------------------------
[debug] 
[debug] [2019-09-29T13:20:09.490Z] > command requires scopes: ["email","openid","https://www.googleapis.com/auth/cloudplatformprojects.readonly","https://www.googleapis.com/auth/firebase","https://www.googleapis.com/auth/cloud-platform"]
[debug] [2019-09-29T13:20:09.490Z] > authorizing via signed-in user
[debug] [2019-09-29T13:20:09.490Z] [iam] checking project change-something for permissions ["cloudfunctions.functions.create","cloudfunctions.functions.delete","cloudfunctions.functions.get","cloudfunctions.functions.list","cloudfunctions.functions.update","cloudfunctions.operations.get","datastore.indexes.create","datastore.indexes.delete","datastore.indexes.list","datastore.indexes.update","firebase.projects.get","firebasehosting.sites.update"]
[debug] [2019-09-29T13:20:09.492Z] > refreshing access token with scopes: ["email","https://www.googleapis.com/auth/cloud-platform","https://www.googleapis.com/auth/cloudplatformprojects.readonly","https://www.googleapis.com/auth/firebase","openid"]
[debug] [2019-09-29T13:20:09.492Z] >>> HTTP REQUEST POST https://www.googleapis.com/oauth2/v3/token  
 <request body omitted>
[debug] [2019-09-29T13:20:09.624Z] <<< HTTP RESPONSE 200
[debug] [2019-09-29T13:20:09.638Z] >>> HTTP REQUEST POST https://cloudresourcemanager.googleapis.com/v1/projects/change-something:testIamPermissions  

[debug] [2019-09-29T13:20:10.523Z] <<< HTTP RESPONSE 200
[debug] [2019-09-29T13:20:10.526Z] >>> HTTP REQUEST GET https://firebase.googleapis.com/v1beta1/projects/change-something  
 
[debug] [2019-09-29T13:20:10.926Z] <<< HTTP RESPONSE 200
[info] 
[info] === Deploying to 'change-something'...
[info] 
[info] i  deploying firestore, functions, hosting
[info] Running command: npm --prefix "$RESOURCE_DIR" run lint
[info] ✔  functions: Finished running predeploy script.
[info] i  firestore: checking firestore.rules for compilation errors...
[info] i  firestore: reading indexes from firestore.indexes.json...
[debug] [2019-09-29T13:20:15.818Z] >>> HTTP REQUEST POST https://firebaserules.googleapis.com/v1/projects/change-something:test  

[debug] [2019-09-29T13:20:16.629Z] <<< HTTP RESPONSE 200
[info] ✔  firestore: rules file firestore.rules compiled successfully
[debug] [2019-09-29T13:20:16.631Z] > [functions] package.json contents: {
  "name": "functions",
  "description": "Cloud Functions for Firebase",
  "scripts": {
    "lint": "eslint .",
    "serve": "firebase serve --only functions",
    "shell": "firebase functions:shell",
    "start": "npm run shell",
    "deploy": "firebase deploy --only functions",
    "logs": "firebase functions:log"
  },
  "engines": {
    "node": "8"
  },
  "dependencies": {
    "firebase-admin": "~7.0.0",
    "firebase-functions": "^3.2.0",
    "cors": "^2.8.5",
    "nodemailer": "^6.3.0"
  },
  "devDependencies": {
    "eslint": "^5.12.0",
    "eslint-plugin-promise": "^4.0.1",
    "firebase-functions-test": "^0.1.6"
  },
  "private": true
}
[info] i  functions: ensuring necessary APIs are enabled...
[debug] [2019-09-29T13:20:16.633Z] >>> HTTP REQUEST GET https://serviceusage.googleapis.com/v1/projects/change-something/services/cloudfunctions.googleapis.com  
 
[debug] [2019-09-29T13:20:16.633Z] >>> HTTP REQUEST GET https://serviceusage.googleapis.com/v1/projects/change-something/services/runtimeconfig.googleapis.com  
 
[debug] [2019-09-29T13:20:17.493Z] <<< HTTP RESPONSE 200
[debug] [2019-09-29T13:20:17.513Z] <<< HTTP RESPONSE 200
[info] ✔  functions: all necessary APIs are enabled
[debug] [2019-09-29T13:20:17.514Z] >>> HTTP REQUEST GET https://firebase.googleapis.com/v1beta1/projects/change-something/adminSdkConfig  
 
[debug] [2019-09-29T13:20:17.897Z] <<< HTTP RESPONSE 200
[debug] [2019-09-29T13:20:17.899Z] >>> HTTP REQUEST POST https://firebasehosting.googleapis.com/v1beta1/sites/change-something/versions  

[debug] [2019-09-29T13:20:19.536Z] <<< HTTP RESPONSE 200
[info] i  firestore: uploading rules firestore.rules...
[debug] [2019-09-29T13:20:19.539Z] >>> HTTP REQUEST POST https://firebaserules.googleapis.com/v1/projects/change-something/rulesets  

[debug] [2019-09-29T13:20:19.540Z] >>> HTTP REQUEST GET https://firestore.googleapis.com/v1beta2/projects/change-something/databases/(default)/collectionGroups/-/indexes  
 
[debug] [2019-09-29T13:20:19.788Z] <<< HTTP RESPONSE 200
[debug] [2019-09-29T13:20:19.789Z] >>> HTTP REQUEST GET https://firestore.googleapis.com/v1beta2/projects/change-something/databases/(default)/collectionGroups/-/fields?filter=indexConfig.usesAncestorConfig=false  
 
[debug] [2019-09-29T13:20:20.000Z] <<< HTTP RESPONSE 200
[info] ✔  firestore: deployed indexes in firestore.indexes.json successfully
[debug] [2019-09-29T13:20:20.662Z] <<< HTTP RESPONSE 200
[debug] [2019-09-29T13:20:20.662Z] [rules] created ruleset projects/change-something/rulesets/0a50988b-90b3-489c-9743-e3d192bac0b5
[info] i  functions: preparing functions directory for uploading...
[debug] [2019-09-29T13:20:20.665Z] >>> HTTP REQUEST GET https://runtimeconfig.googleapis.com/v1beta1/projects/change-something/configs  
 
[debug] [2019-09-29T13:20:21.584Z] <<< HTTP RESPONSE 200
[debug] [2019-09-29T13:20:21.585Z] >>> HTTP REQUEST GET https://runtimeconfig.googleapis.com/v1beta1/projects/change-something/configs/gmail/variables  
 
[debug] [2019-09-29T13:20:21.586Z] >>> HTTP REQUEST GET https://runtimeconfig.googleapis.com/v1beta1/projects/change-something/configs/reg365/variables  
 
[debug] [2019-09-29T13:20:22.505Z] <<< HTTP RESPONSE 200
[debug] [2019-09-29T13:20:22.506Z] >>> HTTP REQUEST GET https://runtimeconfig.googleapis.com/v1beta1/projects/change-something/configs/reg365/variables/email  
 
[debug] [2019-09-29T13:20:22.506Z] >>> HTTP REQUEST GET https://runtimeconfig.googleapis.com/v1beta1/projects/change-something/configs/reg365/variables/password  
 
[debug] [2019-09-29T13:20:22.508Z] <<< HTTP RESPONSE 200
[debug] [2019-09-29T13:20:22.509Z] >>> HTTP REQUEST GET https://runtimeconfig.googleapis.com/v1beta1/projects/change-something/configs/gmail/variables/email  
 
[debug] [2019-09-29T13:20:22.509Z] >>> HTTP REQUEST GET https://runtimeconfig.googleapis.com/v1beta1/projects/change-something/configs/gmail/variables/password  
 
[debug] [2019-09-29T13:20:23.324Z] <<< HTTP RESPONSE 200
[debug] [2019-09-29T13:20:23.332Z] <<< HTTP RESPONSE 200
[debug] [2019-09-29T13:20:23.361Z] <<< HTTP RESPONSE 200
[debug] [2019-09-29T13:20:23.370Z] <<< HTTP RESPONSE 200
[info] i  functions: packaged functions (41.25 KB) for uploading
[debug] [2019-09-29T13:20:23.680Z] >>> HTTP REQUEST POST https://cloudfunctions.googleapis.com/v1/projects/change-something/locations/us-central1/functions:generateUploadUrl  
 
[debug] [2019-09-29T13:20:24.658Z] <<< HTTP RESPONSE 200
[debug] [2019-09-29T13:20:24.659Z] >>> HTTP REQUEST PUT https://storage.googleapis.com/gcf-upload-us-central1-111c3937-3dd1-45ca-8069-0c23ce75f9e7/9ccdf066-d206-4be5-b3f6-f3c6910d3ca4.zip?GoogleAccessId=service-500300168354@gcf-admin-robot.iam.gserviceaccount.com&Expires=1569765024&Signature=avE73S%2FyX7RC55tKgtUjTblm3KvzoRtnIB20o8Tva%2Fwfpw33HoAQ2TgADPDXgwA%2Fr7n8%2BMp16jdsWeiJqbzyUkFqTguhgX%2FW05cNqKzprY82xNKaNAkbesB9HoR7XoUlk3R3RkQDbx8kV0TV9zoWNPc7C9tj71ZKAY88%2BwvmUPZijyjKyE34ZqNcZlZPA3ELuzKbgu1gGAqp4vkCxB3xOMxC2QaY8RfxvbtS22hh5AyKYXnrF7tA6lRBqgSefYPaN1HQCq%2BfV%2FlHr2MwCZOFcDZRxxgy139EfV4DvbO1ppD50iPSVKIxX6xuv1VEOZxhdRL25nL01813B35Bl3TWMw%3D%3D  
 <request body omitted>
[debug] [2019-09-29T13:20:25.372Z] <<< HTTP RESPONSE 200
[info] ✔  functions: functions folder uploaded successfully
[info] i  hosting[change-something]: beginning deploy...
[info] i  hosting[change-something]: found 18 files in build
[debug] [2019-09-29T13:20:25.393Z] [hosting] hash cache [YnVpbGQ] load error: lines is not defined
[debug] [2019-09-29T13:20:26.810Z] [hosting] hash cache [YnVpbGQ] stored for 18 files
[debug] [2019-09-29T13:20:26.811Z] [hosting][hash queue][FINAL]
[debug] [2019-09-29T13:20:26.811Z] >>> HTTP REQUEST POST https://firebasehosting.googleapis.com/v1beta1/sites/change-something/versions/3918722be6efb704:populateFiles  
 <request body omitted>
[debug] [2019-09-29T13:20:28.330Z] <<< HTTP RESPONSE 200
[debug] [2019-09-29T13:20:28.336Z] [hosting][populate queue][FINAL]
[debug] [2019-09-29T13:20:28.336Z] [hosting] uploads queued: 8
[debug] [2019-09-29T13:20:52.200Z] [hosting][upload queue][FINAL]
[info] ✔  hosting[change-something]: file upload complete
[debug] [2019-09-29T13:20:52.201Z] [hosting] deploy completed after 26828ms
[debug] [2019-09-29T13:20:52.202Z] [rules] releasing cloud.firestore with ruleset projects/change-something/rulesets/0a50988b-90b3-489c-9743-e3d192bac0b5
[debug] [2019-09-29T13:20:52.203Z] >>> HTTP REQUEST PATCH https://firebaserules.googleapis.com/v1/projects/change-something/releases/cloud.firestore  

[debug] [2019-09-29T13:20:53.225Z] <<< HTTP RESPONSE 200
[debug] [2019-09-29T13:20:53.225Z] [rules] updated release projects/change-something/releases/cloud.firestore
[info] ✔  firestore: released rules firestore.rules to cloud.firestore
[debug] [2019-09-29T13:20:53.228Z] >>> HTTP REQUEST GET https://cloudfunctions.googleapis.com/v1/projects/change-something/locations/-/functions  
 
[debug] [2019-09-29T13:20:53.713Z] <<< HTTP RESPONSE 200
[info] i  functions: updating Node.js 8 function deletePledge(europe-west1)...
[debug] [2019-09-29T13:20:53.716Z] Trigger is:  {"eventTrigger":{"resource":"projects/change-something/databases/(default)/documents/pledges/{pledgeId}","eventType":"providers/cloud.firestore/eventTypes/document.delete","service":"firestore.googleapis.com"}}
[info] i  functions: updating Node.js 8 function gmail(europe-west1)...
[debug] [2019-09-29T13:20:53.717Z] Trigger is:  {"httpsTrigger":{}}
[info] i  functions: updating Node.js 8 function mailReg365(europe-west1)...
[debug] [2019-09-29T13:20:53.717Z] Trigger is:  {"httpsTrigger":{}}
[debug] [2019-09-29T13:20:53.718Z] >>> HTTP REQUEST GET https://serviceusage.googleapis.com/v1/projects/change-something/services/cloudscheduler.googleapis.com  
 
[debug] [2019-09-29T13:20:54.558Z] <<< HTTP RESPONSE 200
[debug] [2019-09-29T13:20:54.562Z] >>> HTTP REQUEST PATCH https://cloudfunctions.googleapis.com/v1/projects/change-something/locations/europe-west1/functions/deletePledge {"updateMask":"sourceUploadUrl,name,labels,runtime,eventTrigger.resource,eventTrigger.eventType,eventTrigger.service"} 

[debug] [2019-09-29T13:20:54.564Z] >>> HTTP REQUEST PATCH https://cloudfunctions.googleapis.com/v1/projects/change-something/locations/europe-west1/functions/gmail {"updateMask":"sourceUploadUrl,name,labels,runtime,httpsTrigger"} 

[debug] [2019-09-29T13:20:54.568Z] >>> HTTP REQUEST PATCH https://cloudfunctions.googleapis.com/v1/projects/change-something/locations/europe-west1/functions/mailReg365 {"updateMask":"sourceUploadUrl,name,labels,runtime,httpsTrigger"} 

[debug] [2019-09-29T13:20:55.112Z] <<< HTTP RESPONSE 200
[debug] [2019-09-29T13:20:55.114Z] <<< HTTP RESPONSE 200
[debug] [2019-09-29T13:20:55.116Z] <<< HTTP RESPONSE 200
[debug] [2019-09-29T13:20:55.117Z] >>> HTTP REQUEST GET https://cloudfunctions.googleapis.com/v1/projects/change-something/locations/-/functions  
 
[debug] [2019-09-29T13:20:55.797Z] <<< HTTP RESPONSE 200
[debug] [2019-09-29T13:20:55.798Z] >>> HTTP REQUEST GET https://cloudfunctions.googleapis.com/v1/operations/Y2hhbmdlLXNvbWV0aGluZy9ldXJvcGUtd2VzdDEvZGVsZXRlUGxlZGdlLzVISjhqVldUR3BJ  
 
[debug] [2019-09-29T13:20:55.799Z] >>> HTTP REQUEST GET https://cloudfunctions.googleapis.com/v1/operations/Y2hhbmdlLXNvbWV0aGluZy9ldXJvcGUtd2VzdDEvZ21haWwvSk02V0xMVjlfWnc  
 
[debug] [2019-09-29T13:20:55.799Z] >>> HTTP REQUEST GET https://cloudfunctions.googleapis.com/v1/operations/Y2hhbmdlLXNvbWV0aGluZy9ldXJvcGUtd2VzdDEvbWFpbFJlZzM2NS9IaGRvUnRXSzQ5RQ  
 
[debug] [2019-09-29T13:20:56.102Z] <<< HTTP RESPONSE 200
[debug] [2019-09-29T13:20:56.139Z] <<< HTTP RESPONSE 200
[debug] [2019-09-29T13:20:56.274Z] <<< HTTP RESPONSE 200
[debug] [2019-09-29T13:20:58.105Z] >>> HTTP REQUEST GET https://cloudfunctions.googleapis.com/v1/operations/Y2hhbmdlLXNvbWV0aGluZy9ldXJvcGUtd2VzdDEvbWFpbFJlZzM2NS9IaGRvUnRXSzQ5RQ  
 
[debug] [2019-09-29T13:20:58.141Z] >>> HTTP REQUEST GET https://cloudfunctions.googleapis.com/v1/operations/Y2hhbmdlLXNvbWV0aGluZy9ldXJvcGUtd2VzdDEvZGVsZXRlUGxlZGdlLzVISjhqVldUR3BJ  
 
[debug] [2019-09-29T13:20:58.277Z] >>> HTTP REQUEST GET https://cloudfunctions.googleapis.com/v1/operations/Y2hhbmdlLXNvbWV0aGluZy9ldXJvcGUtd2VzdDEvZ21haWwvSk02V0xMVjlfWnc  
 
[debug] [2019-09-29T13:20:58.302Z] <<< HTTP RESPONSE 200
[debug] [2019-09-29T13:20:58.475Z] <<< HTTP RESPONSE 200
[debug] [2019-09-29T13:20:58.484Z] <<< HTTP RESPONSE 200
[debug] [2019-09-29T13:21:00.308Z] >>> HTTP REQUEST GET https://cloudfunctions.googleapis.com/v1/operations/Y2hhbmdlLXNvbWV0aGluZy9ldXJvcGUtd2VzdDEvbWFpbFJlZzM2NS9IaGRvUnRXSzQ5RQ  
 
[debug] [2019-09-29T13:21:00.480Z] >>> HTTP REQUEST GET https://cloudfunctions.googleapis.com/v1/operations/Y2hhbmdlLXNvbWV0aGluZy9ldXJvcGUtd2VzdDEvZ21haWwvSk02V0xMVjlfWnc  
 
[debug] [2019-09-29T13:21:00.485Z] >>> HTTP REQUEST GET https://cloudfunctions.googleapis.com/v1/operations/Y2hhbmdlLXNvbWV0aGluZy9ldXJvcGUtd2VzdDEvZGVsZXRlUGxlZGdlLzVISjhqVldUR3BJ  
 
[debug] [2019-09-29T13:21:00.540Z] <<< HTTP RESPONSE 200
[debug] [2019-09-29T13:21:00.695Z] <<< HTTP RESPONSE 200
[debug] [2019-09-29T13:21:00.698Z] <<< HTTP RESPONSE 200
[debug] [2019-09-29T13:21:02.546Z] >>> HTTP REQUEST GET https://cloudfunctions.googleapis.com/v1/operations/Y2hhbmdlLXNvbWV0aGluZy9ldXJvcGUtd2VzdDEvbWFpbFJlZzM2NS9IaGRvUnRXSzQ5RQ  
 
[debug] [2019-09-29T13:21:02.700Z] >>> HTTP REQUEST GET https://cloudfunctions.googleapis.com/v1/operations/Y2hhbmdlLXNvbWV0aGluZy9ldXJvcGUtd2VzdDEvZGVsZXRlUGxlZGdlLzVISjhqVldUR3BJ  
 
[debug] [2019-09-29T13:21:02.701Z] >>> HTTP REQUEST GET https://cloudfunctions.googleapis.com/v1/operations/Y2hhbmdlLXNvbWV0aGluZy9ldXJvcGUtd2VzdDEvZ21haWwvSk02V0xMVjlfWnc  
 
[debug] [2019-09-29T13:21:02.749Z] <<< HTTP RESPONSE 200
[debug] [2019-09-29T13:21:02.892Z] <<< HTTP RESPONSE 200
[debug] [2019-09-29T13:21:02.921Z] <<< HTTP RESPONSE 200
[debug] [2019-09-29T13:21:04.754Z] >>> HTTP REQUEST GET https://cloudfunctions.googleapis.com/v1/operations/Y2hhbmdlLXNvbWV0aGluZy9ldXJvcGUtd2VzdDEvbWFpbFJlZzM2NS9IaGRvUnRXSzQ5RQ  
 
[debug] [2019-09-29T13:21:04.894Z] >>> HTTP REQUEST GET https://cloudfunctions.googleapis.com/v1/operations/Y2hhbmdlLXNvbWV0aGluZy9ldXJvcGUtd2VzdDEvZGVsZXRlUGxlZGdlLzVISjhqVldUR3BJ  
 
[debug] [2019-09-29T13:21:04.923Z] >>> HTTP REQUEST GET https://cloudfunctions.googleapis.com/v1/operations/Y2hhbmdlLXNvbWV0aGluZy9ldXJvcGUtd2VzdDEvZ21haWwvSk02V0xMVjlfWnc  
 
[debug] [2019-09-29T13:21:04.944Z] <<< HTTP RESPONSE 200
[debug] [2019-09-29T13:21:05.011Z] <<< HTTP RESPONSE 200
[debug] [2019-09-29T13:21:05.119Z] <<< HTTP RESPONSE 200
[debug] [2019-09-29T13:21:06.949Z] >>> HTTP REQUEST GET https://cloudfunctions.googleapis.com/v1/operations/Y2hhbmdlLXNvbWV0aGluZy9ldXJvcGUtd2VzdDEvbWFpbFJlZzM2NS9IaGRvUnRXSzQ5RQ  
 
[debug] [2019-09-29T13:21:07.017Z] >>> HTTP REQUEST GET https://cloudfunctions.googleapis.com/v1/operations/Y2hhbmdlLXNvbWV0aGluZy9ldXJvcGUtd2VzdDEvZGVsZXRlUGxlZGdlLzVISjhqVldUR3BJ  
 
[debug] [2019-09-29T13:21:07.125Z] >>> HTTP REQUEST GET https://cloudfunctions.googleapis.com/v1/operations/Y2hhbmdlLXNvbWV0aGluZy9ldXJvcGUtd2VzdDEvZ21haWwvSk02V0xMVjlfWnc  
 
[debug] [2019-09-29T13:21:07.173Z] <<< HTTP RESPONSE 200
[debug] [2019-09-29T13:21:07.219Z] <<< HTTP RESPONSE 200
[debug] [2019-09-29T13:21:07.345Z] <<< HTTP RESPONSE 200
[debug] [2019-09-29T13:21:09.179Z] >>> HTTP REQUEST GET https://cloudfunctions.googleapis.com/v1/operations/Y2hhbmdlLXNvbWV0aGluZy9ldXJvcGUtd2VzdDEvbWFpbFJlZzM2NS9IaGRvUnRXSzQ5RQ  
 
[debug] [2019-09-29T13:21:09.223Z] >>> HTTP REQUEST GET https://cloudfunctions.googleapis.com/v1/operations/Y2hhbmdlLXNvbWV0aGluZy9ldXJvcGUtd2VzdDEvZGVsZXRlUGxlZGdlLzVISjhqVldUR3BJ  
 
[debug] [2019-09-29T13:21:09.351Z] >>> HTTP REQUEST GET https://cloudfunctions.googleapis.com/v1/operations/Y2hhbmdlLXNvbWV0aGluZy9ldXJvcGUtd2VzdDEvZ21haWwvSk02V0xMVjlfWnc  
 
[debug] [2019-09-29T13:21:09.395Z] <<< HTTP RESPONSE 200
[debug] [2019-09-29T13:21:09.417Z] <<< HTTP RESPONSE 200
[debug] [2019-09-29T13:21:09.548Z] <<< HTTP RESPONSE 200
[debug] [2019-09-29T13:21:11.397Z] >>> HTTP REQUEST GET https://cloudfunctions.googleapis.com/v1/operations/Y2hhbmdlLXNvbWV0aGluZy9ldXJvcGUtd2VzdDEvbWFpbFJlZzM2NS9IaGRvUnRXSzQ5RQ  
 
[debug] [2019-09-29T13:21:11.420Z] >>> HTTP REQUEST GET https://cloudfunctions.googleapis.com/v1/operations/Y2hhbmdlLXNvbWV0aGluZy9ldXJvcGUtd2VzdDEvZGVsZXRlUGxlZGdlLzVISjhqVldUR3BJ  
 
[debug] [2019-09-29T13:21:11.551Z] >>> HTTP REQUEST GET https://cloudfunctions.googleapis.com/v1/operations/Y2hhbmdlLXNvbWV0aGluZy9ldXJvcGUtd2VzdDEvZ21haWwvSk02V0xMVjlfWnc  
 
[debug] [2019-09-29T13:21:11.612Z] <<< HTTP RESPONSE 200
[debug] [2019-09-29T13:21:11.636Z] <<< HTTP RESPONSE 200
[debug] [2019-09-29T13:21:11.747Z] <<< HTTP RESPONSE 200
[debug] [2019-09-29T13:21:13.616Z] >>> HTTP REQUEST GET https://cloudfunctions.googleapis.com/v1/operations/Y2hhbmdlLXNvbWV0aGluZy9ldXJvcGUtd2VzdDEvbWFpbFJlZzM2NS9IaGRvUnRXSzQ5RQ  
 
[debug] [2019-09-29T13:21:13.638Z] >>> HTTP REQUEST GET https://cloudfunctions.googleapis.com/v1/operations/Y2hhbmdlLXNvbWV0aGluZy9ldXJvcGUtd2VzdDEvZGVsZXRlUGxlZGdlLzVISjhqVldUR3BJ  
 
[debug] [2019-09-29T13:21:13.753Z] >>> HTTP REQUEST GET https://cloudfunctions.googleapis.com/v1/operations/Y2hhbmdlLXNvbWV0aGluZy9ldXJvcGUtd2VzdDEvZ21haWwvSk02V0xMVjlfWnc  
 
[debug] [2019-09-29T13:21:13.827Z] <<< HTTP RESPONSE 200
[debug] [2019-09-29T13:21:13.854Z] <<< HTTP RESPONSE 200
[debug] [2019-09-29T13:21:13.951Z] <<< HTTP RESPONSE 200
[debug] [2019-09-29T13:21:15.832Z] >>> HTTP REQUEST GET https://cloudfunctions.googleapis.com/v1/operations/Y2hhbmdlLXNvbWV0aGluZy9ldXJvcGUtd2VzdDEvbWFpbFJlZzM2NS9IaGRvUnRXSzQ5RQ  
 
[debug] [2019-09-29T13:21:15.856Z] >>> HTTP REQUEST GET https://cloudfunctions.googleapis.com/v1/operations/Y2hhbmdlLXNvbWV0aGluZy9ldXJvcGUtd2VzdDEvZGVsZXRlUGxlZGdlLzVISjhqVldUR3BJ  
 
[debug] [2019-09-29T13:21:15.954Z] >>> HTTP REQUEST GET https://cloudfunctions.googleapis.com/v1/operations/Y2hhbmdlLXNvbWV0aGluZy9ldXJvcGUtd2VzdDEvZ21haWwvSk02V0xMVjlfWnc  
 
[debug] [2019-09-29T13:21:16.026Z] <<< HTTP RESPONSE 200
[debug] [2019-09-29T13:21:16.053Z] <<< HTTP RESPONSE 200
[debug] [2019-09-29T13:21:16.078Z] <<< HTTP RESPONSE 200
[debug] [2019-09-29T13:21:18.031Z] >>> HTTP REQUEST GET https://cloudfunctions.googleapis.com/v1/operations/Y2hhbmdlLXNvbWV0aGluZy9ldXJvcGUtd2VzdDEvbWFpbFJlZzM2NS9IaGRvUnRXSzQ5RQ  
 
[debug] [2019-09-29T13:21:18.055Z] >>> HTTP REQUEST GET https://cloudfunctions.googleapis.com/v1/operations/Y2hhbmdlLXNvbWV0aGluZy9ldXJvcGUtd2VzdDEvZGVsZXRlUGxlZGdlLzVISjhqVldUR3BJ  
 
[debug] [2019-09-29T13:21:18.082Z] >>> HTTP REQUEST GET https://cloudfunctions.googleapis.com/v1/operations/Y2hhbmdlLXNvbWV0aGluZy9ldXJvcGUtd2VzdDEvZ21haWwvSk02V0xMVjlfWnc  
 
[debug] [2019-09-29T13:21:18.247Z] <<< HTTP RESPONSE 200
[debug] [2019-09-29T13:21:18.257Z] <<< HTTP RESPONSE 200
[debug] [2019-09-29T13:21:18.268Z] <<< HTTP RESPONSE 200
[debug] [2019-09-29T13:21:20.253Z] >>> HTTP REQUEST GET https://cloudfunctions.googleapis.com/v1/operations/Y2hhbmdlLXNvbWV0aGluZy9ldXJvcGUtd2VzdDEvbWFpbFJlZzM2NS9IaGRvUnRXSzQ5RQ  
 
[debug] [2019-09-29T13:21:20.257Z] >>> HTTP REQUEST GET https://cloudfunctions.googleapis.com/v1/operations/Y2hhbmdlLXNvbWV0aGluZy9ldXJvcGUtd2VzdDEvZGVsZXRlUGxlZGdlLzVISjhqVldUR3BJ  
 
[debug] [2019-09-29T13:21:20.270Z] >>> HTTP REQUEST GET https://cloudfunctions.googleapis.com/v1/operations/Y2hhbmdlLXNvbWV0aGluZy9ldXJvcGUtd2VzdDEvZ21haWwvSk02V0xMVjlfWnc  
 
[debug] [2019-09-29T13:21:20.441Z] <<< HTTP RESPONSE 200
[debug] [2019-09-29T13:21:20.469Z] <<< HTTP RESPONSE 200
[debug] [2019-09-29T13:21:20.489Z] <<< HTTP RESPONSE 200
[debug] [2019-09-29T13:21:22.441Z] >>> HTTP REQUEST GET https://cloudfunctions.googleapis.com/v1/operations/Y2hhbmdlLXNvbWV0aGluZy9ldXJvcGUtd2VzdDEvbWFpbFJlZzM2NS9IaGRvUnRXSzQ5RQ  
 
[debug] [2019-09-29T13:21:22.469Z] >>> HTTP REQUEST GET https://cloudfunctions.googleapis.com/v1/operations/Y2hhbmdlLXNvbWV0aGluZy9ldXJvcGUtd2VzdDEvZGVsZXRlUGxlZGdlLzVISjhqVldUR3BJ  
 
[debug] [2019-09-29T13:21:22.491Z] >>> HTTP REQUEST GET https://cloudfunctions.googleapis.com/v1/operations/Y2hhbmdlLXNvbWV0aGluZy9ldXJvcGUtd2VzdDEvZ21haWwvSk02V0xMVjlfWnc  
 
[debug] [2019-09-29T13:21:22.638Z] <<< HTTP RESPONSE 200
[debug] [2019-09-29T13:21:22.667Z] <<< HTTP RESPONSE 200
[debug] [2019-09-29T13:21:22.710Z] <<< HTTP RESPONSE 200
[debug] [2019-09-29T13:21:24.644Z] >>> HTTP REQUEST GET https://cloudfunctions.googleapis.com/v1/operations/Y2hhbmdlLXNvbWV0aGluZy9ldXJvcGUtd2VzdDEvbWFpbFJlZzM2NS9IaGRvUnRXSzQ5RQ  
 
[debug] [2019-09-29T13:21:24.670Z] >>> HTTP REQUEST GET https://cloudfunctions.googleapis.com/v1/operations/Y2hhbmdlLXNvbWV0aGluZy9ldXJvcGUtd2VzdDEvZGVsZXRlUGxlZGdlLzVISjhqVldUR3BJ  
 
[debug] [2019-09-29T13:21:24.713Z] >>> HTTP REQUEST GET https://cloudfunctions.googleapis.com/v1/operations/Y2hhbmdlLXNvbWV0aGluZy9ldXJvcGUtd2VzdDEvZ21haWwvSk02V0xMVjlfWnc  
 
[debug] [2019-09-29T13:21:24.831Z] <<< HTTP RESPONSE 200
[debug] [2019-09-29T13:21:24.885Z] <<< HTTP RESPONSE 200
[debug] [2019-09-29T13:21:24.928Z] <<< HTTP RESPONSE 200
[debug] [2019-09-29T13:21:26.833Z] >>> HTTP REQUEST GET https://cloudfunctions.googleapis.com/v1/operations/Y2hhbmdlLXNvbWV0aGluZy9ldXJvcGUtd2VzdDEvbWFpbFJlZzM2NS9IaGRvUnRXSzQ5RQ  
 
[debug] [2019-09-29T13:21:26.890Z] >>> HTTP REQUEST GET https://cloudfunctions.googleapis.com/v1/operations/Y2hhbmdlLXNvbWV0aGluZy9ldXJvcGUtd2VzdDEvZGVsZXRlUGxlZGdlLzVISjhqVldUR3BJ  
 
[debug] [2019-09-29T13:21:26.932Z] >>> HTTP REQUEST GET https://cloudfunctions.googleapis.com/v1/operations/Y2hhbmdlLXNvbWV0aGluZy9ldXJvcGUtd2VzdDEvZ21haWwvSk02V0xMVjlfWnc  
 
[debug] [2019-09-29T13:21:27.028Z] <<< HTTP RESPONSE 200
[debug] [2019-09-29T13:21:27.081Z] <<< HTTP RESPONSE 200
[debug] [2019-09-29T13:21:27.120Z] <<< HTTP RESPONSE 200
[debug] [2019-09-29T13:21:29.034Z] >>> HTTP REQUEST GET https://cloudfunctions.googleapis.com/v1/operations/Y2hhbmdlLXNvbWV0aGluZy9ldXJvcGUtd2VzdDEvbWFpbFJlZzM2NS9IaGRvUnRXSzQ5RQ  
 
[debug] [2019-09-29T13:21:29.082Z] >>> HTTP REQUEST GET https://cloudfunctions.googleapis.com/v1/operations/Y2hhbmdlLXNvbWV0aGluZy9ldXJvcGUtd2VzdDEvZGVsZXRlUGxlZGdlLzVISjhqVldUR3BJ  
 
[debug] [2019-09-29T13:21:29.123Z] >>> HTTP REQUEST GET https://cloudfunctions.googleapis.com/v1/operations/Y2hhbmdlLXNvbWV0aGluZy9ldXJvcGUtd2VzdDEvZ21haWwvSk02V0xMVjlfWnc  
 
[debug] [2019-09-29T13:21:29.236Z] <<< HTTP RESPONSE 200
[debug] [2019-09-29T13:21:29.294Z] <<< HTTP RESPONSE 200
[debug] [2019-09-29T13:21:29.334Z] <<< HTTP RESPONSE 200
[info] ✔  functions[gmail(europe-west1)]: Successful update operation. 
[debug] [2019-09-29T13:21:31.243Z] >>> HTTP REQUEST GET https://cloudfunctions.googleapis.com/v1/operations/Y2hhbmdlLXNvbWV0aGluZy9ldXJvcGUtd2VzdDEvbWFpbFJlZzM2NS9IaGRvUnRXSzQ5RQ  
 
[debug] [2019-09-29T13:21:31.300Z] >>> HTTP REQUEST GET https://cloudfunctions.googleapis.com/v1/operations/Y2hhbmdlLXNvbWV0aGluZy9ldXJvcGUtd2VzdDEvZGVsZXRlUGxlZGdlLzVISjhqVldUR3BJ  
 
[debug] [2019-09-29T13:21:31.446Z] <<< HTTP RESPONSE 200
[debug] [2019-09-29T13:21:31.479Z] <<< HTTP RESPONSE 200
[debug] [2019-09-29T13:21:33.447Z] >>> HTTP REQUEST GET https://cloudfunctions.googleapis.com/v1/operations/Y2hhbmdlLXNvbWV0aGluZy9ldXJvcGUtd2VzdDEvbWFpbFJlZzM2NS9IaGRvUnRXSzQ5RQ  
 
[debug] [2019-09-29T13:21:33.480Z] >>> HTTP REQUEST GET https://cloudfunctions.googleapis.com/v1/operations/Y2hhbmdlLXNvbWV0aGluZy9ldXJvcGUtd2VzdDEvZGVsZXRlUGxlZGdlLzVISjhqVldUR3BJ  
 
[debug] [2019-09-29T13:21:33.648Z] <<< HTTP RESPONSE 200
[debug] [2019-09-29T13:21:33.693Z] <<< HTTP RESPONSE 200
[debug] [2019-09-29T13:21:35.649Z] >>> HTTP REQUEST GET https://cloudfunctions.googleapis.com/v1/operations/Y2hhbmdlLXNvbWV0aGluZy9ldXJvcGUtd2VzdDEvbWFpbFJlZzM2NS9IaGRvUnRXSzQ5RQ  
 
[debug] [2019-09-29T13:21:35.695Z] >>> HTTP REQUEST GET https://cloudfunctions.googleapis.com/v1/operations/Y2hhbmdlLXNvbWV0aGluZy9ldXJvcGUtd2VzdDEvZGVsZXRlUGxlZGdlLzVISjhqVldUR3BJ  
 
[debug] [2019-09-29T13:21:35.798Z] <<< HTTP RESPONSE 200
[debug] [2019-09-29T13:21:35.831Z] <<< HTTP RESPONSE 200
[debug] [2019-09-29T13:21:37.800Z] >>> HTTP REQUEST GET https://cloudfunctions.googleapis.com/v1/operations/Y2hhbmdlLXNvbWV0aGluZy9ldXJvcGUtd2VzdDEvZGVsZXRlUGxlZGdlLzVISjhqVldUR3BJ  
 
[debug] [2019-09-29T13:21:37.833Z] >>> HTTP REQUEST GET https://cloudfunctions.googleapis.com/v1/operations/Y2hhbmdlLXNvbWV0aGluZy9ldXJvcGUtd2VzdDEvbWFpbFJlZzM2NS9IaGRvUnRXSzQ5RQ  
 
[debug] [2019-09-29T13:21:38.013Z] <<< HTTP RESPONSE 200
[debug] [2019-09-29T13:21:38.014Z] <<< HTTP RESPONSE 200
[debug] [2019-09-29T13:21:40.015Z] >>> HTTP REQUEST GET https://cloudfunctions.googleapis.com/v1/operations/Y2hhbmdlLXNvbWV0aGluZy9ldXJvcGUtd2VzdDEvbWFpbFJlZzM2NS9IaGRvUnRXSzQ5RQ  
 
[debug] [2019-09-29T13:21:40.016Z] >>> HTTP REQUEST GET https://cloudfunctions.googleapis.com/v1/operations/Y2hhbmdlLXNvbWV0aGluZy9ldXJvcGUtd2VzdDEvZGVsZXRlUGxlZGdlLzVISjhqVldUR3BJ  
 
[debug] [2019-09-29T13:21:40.196Z] <<< HTTP RESPONSE 200
[debug] [2019-09-29T13:21:40.234Z] <<< HTTP RESPONSE 200
[debug] [2019-09-29T13:21:42.196Z] >>> HTTP REQUEST GET https://cloudfunctions.googleapis.com/v1/operations/Y2hhbmdlLXNvbWV0aGluZy9ldXJvcGUtd2VzdDEvbWFpbFJlZzM2NS9IaGRvUnRXSzQ5RQ  
 
[debug] [2019-09-29T13:21:42.235Z] >>> HTTP REQUEST GET https://cloudfunctions.googleapis.com/v1/operations/Y2hhbmdlLXNvbWV0aGluZy9ldXJvcGUtd2VzdDEvZGVsZXRlUGxlZGdlLzVISjhqVldUR3BJ  
 
[debug] [2019-09-29T13:21:42.411Z] <<< HTTP RESPONSE 200
[debug] [2019-09-29T13:21:42.454Z] <<< HTTP RESPONSE 200
[debug] [2019-09-29T13:21:44.413Z] >>> HTTP REQUEST GET https://cloudfunctions.googleapis.com/v1/operations/Y2hhbmdlLXNvbWV0aGluZy9ldXJvcGUtd2VzdDEvbWFpbFJlZzM2NS9IaGRvUnRXSzQ5RQ  
 
[debug] [2019-09-29T13:21:44.459Z] >>> HTTP REQUEST GET https://cloudfunctions.googleapis.com/v1/operations/Y2hhbmdlLXNvbWV0aGluZy9ldXJvcGUtd2VzdDEvZGVsZXRlUGxlZGdlLzVISjhqVldUR3BJ  
 
[debug] [2019-09-29T13:21:44.648Z] <<< HTTP RESPONSE 200
